{
  "uid" : "aa979d5192e6de6a",
  "name" : "test_buy_random_one",
  "fullName" : "case.caipiao-client.test_buy_lottery.TestLotteryHall#test_buy_random_one",
  "historyId" : "d2545712cc22caebd81f05707405c96f",
  "time" : {
    "start" : 1568443156250,
    "stop" : 1568443172949,
    "duration" : 16699
  },
  "description" : "\n        这个测试的是随机选择一种彩票,然后随机购买一注,记录并显示购买的结果\n        with_login_cpc: 用于登录彩票页面\n        with_open_lottery_page: 用于进入购彩大厅页面\n        ",
  "descriptionHtml" : "<pre><code>    这个测试的是随机选择一种彩票,然后随机购买一注,记录并显示购买的结果\n    with_login_cpc: 用于登录彩票页面\n    with_open_lottery_page: 用于进入购彩大厅页面\n</code></pre>\n",
  "status" : "broken",
  "statusMessage" : "selenium.common.exceptions.NoSuchElementException: Message: no such element: Unable to locate element: {\"method\":\"xpath\",\"selector\":\"//*[@id=\"JS_blockPage\"]/div/table/tbody/tr[1]/td/div[1]/table/tbody/tr[2]/td[2]\"}\n  (Session info: chrome=76.0.3809.132)",
  "statusTrace" : "self = <test_buy_lottery.TestLotteryHall object at 0x04858EB0>, setup_teardown = None\n\n    @pytest.mark.flaky(reruns=5, reruns_delay=2)\n    @allure.story('随机购买一注')\n    @allure.severity('严重')\n    @allure.issue(\"http://www.baidu.com\")\n    @allure.testcase(\"http://www.testlink.com\")\n    # @logger.catch()\n    def test_buy_random_one(self, setup_teardown):\n        '''\n        这个测试的是随机选择一种彩票,然后随机购买一注,记录并显示购买的结果\n        with_login_cpc: 用于登录彩票页面\n        with_open_lottery_page: 用于进入购彩大厅页面\n        '''\n    \n        # Arrange 准备工作\n        with allure.step('测试准备工作:'):\n            cpclogin.login()\n            logger.info('开始进行彩票系统登录')\n            lottery_id = cpclotteryhall.random_lottery_id()\n            logger.info('选取的彩票id为%s:' % lottery_id)\n            cpclotteryhall.open_lottery_hall(lottery_id)\n            lottery_name = cpclotteryhall.get_lottery_name()\n    \n        # Act 测试步骤\n        with allure.step('打开彩种页面'):\n            allure.attach(lottery_name, '选择的彩种是:')\n            cpclotteryhall.get_screenshot_as_file('D:\\\\caipiao\\\\runner\\\\png\\\\demo1.png')\n            allure.attach.file('D:\\\\caipiao\\\\runner\\\\png\\\\demo1.png', name='彩种截图', attachment_type=allure.attachment_type.PNG)\n        with allure.step('随机购买一注'):\n            cpclotteryhall.select_random_one()\n            cpclotteryhall.submit_ensure_buy()\n>           bet_name = cpclotteryhall.get_bet_type()\n\ncase\\caipiao-client\\test_buy_lottery.py:49: \n_ _ _ _ _ _ _ _ _ _ _ _ _ _ _ _ _ _ _ _ _ _ _ _ _ _ _ _ _ _ _ _ _ _ _ _ _ _ _ _ _ _ _ _ _ _ _ _ _ _ _ _ _ _ _ _ _ _ _ _ _ _ _ _ _ _ _ _ _ _ _ _ _ _ _ _ _ _ _ _ _ _ _ _ _ _ _ _ _ _ _ _ _ _ _ _ _ _ _ _ _ _ _ _ _ _ _ _ _ _ _ _ _ _ _ _ _ _ _ _ _ _ _ _ _ _ _ _ _ _ _ _ _ _ _ _ _ _ _ _ _ _ _ _ _ _ _ _ _ _ _ _ _ _ \nbiz\\caipiao_client\\lottery_hall_page.py:87: in get_bet_type\n    bet_name = self.base_driver.get_text('x,//*[@id=\"JS_blockPage\"]/div/table/tbody/tr[1]/td/div[1]/table/tbody/tr[2]/td[2]')\nbase\\box.py:497: in get_text\n    el = self._locate_element(selector)\nbase\\box.py:122: in _locate_element\n    element = self._base_driver.find_element(*locator)\nvenv\\lib\\site-packages\\selenium\\webdriver\\remote\\webdriver.py:978: in find_element\n    'value': value})['value']\nvenv\\lib\\site-packages\\selenium\\webdriver\\remote\\webdriver.py:321: in execute\n    self.error_handler.check_response(response)\n_ _ _ _ _ _ _ _ _ _ _ _ _ _ _ _ _ _ _ _ _ _ _ _ _ _ _ _ _ _ _ _ _ _ _ _ _ _ _ _ _ _ _ _ _ _ _ _ _ _ _ _ _ _ _ _ _ _ _ _ _ _ _ _ _ _ _ _ _ _ _ _ _ _ _ _ _ _ _ _ _ _ _ _ _ _ _ _ _ _ _ _ _ _ _ _ _ _ _ _ _ _ _ _ _ _ _ _ _ _ _ _ _ _ _ _ _ _ _ _ _ _ _ _ _ _ _ _ _ _ _ _ _ _ _ _ _ _ _ _ _ _ _ _ _ _ _ _ _ _ _ _ _ _ \n\nself = <selenium.webdriver.remote.errorhandler.ErrorHandler object at 0x03510210>\nresponse = {'status': 404, 'value': '{\"value\":{\"error\":\"no such element\",\"message\":\"no such element: Unable to locate element: {\\...\\n\\\\tRtlGetAppContainerNamedObjectPath [0x77E77B74+228]\\\\n\\\\tRtlGetAppContainerNamedObjectPath [0x77E77B44+180]\\\\n\"}}'}\n\n    def check_response(self, response):\n        \"\"\"\n        Checks that a JSON response from the WebDriver does not have an error.\n    \n        :Args:\n         - response - The JSON response from the WebDriver server as a dictionary\n           object.\n    \n        :Raises: If the response contains an error message.\n        \"\"\"\n        status = response.get('status', None)\n        if status is None or status == ErrorCode.SUCCESS:\n            return\n        value = None\n        message = response.get(\"message\", \"\")\n        screen = response.get(\"screen\", \"\")\n        stacktrace = None\n        if isinstance(status, int):\n            value_json = response.get('value', None)\n            if value_json and isinstance(value_json, basestring):\n                import json\n                try:\n                    value = json.loads(value_json)\n                    if len(value.keys()) == 1:\n                        value = value['value']\n                    status = value.get('error', None)\n                    if status is None:\n                        status = value[\"status\"]\n                        message = value[\"value\"]\n                        if not isinstance(message, basestring):\n                            value = message\n                            message = message.get('message')\n                    else:\n                        message = value.get('message', None)\n                except ValueError:\n                    pass\n    \n        exception_class = ErrorInResponseException\n        if status in ErrorCode.NO_SUCH_ELEMENT:\n            exception_class = NoSuchElementException\n        elif status in ErrorCode.NO_SUCH_FRAME:\n            exception_class = NoSuchFrameException\n        elif status in ErrorCode.NO_SUCH_WINDOW:\n            exception_class = NoSuchWindowException\n        elif status in ErrorCode.STALE_ELEMENT_REFERENCE:\n            exception_class = StaleElementReferenceException\n        elif status in ErrorCode.ELEMENT_NOT_VISIBLE:\n            exception_class = ElementNotVisibleException\n        elif status in ErrorCode.INVALID_ELEMENT_STATE:\n            exception_class = InvalidElementStateException\n        elif status in ErrorCode.INVALID_SELECTOR \\\n                or status in ErrorCode.INVALID_XPATH_SELECTOR \\\n                or status in ErrorCode.INVALID_XPATH_SELECTOR_RETURN_TYPER:\n            exception_class = InvalidSelectorException\n        elif status in ErrorCode.ELEMENT_IS_NOT_SELECTABLE:\n            exception_class = ElementNotSelectableException\n        elif status in ErrorCode.ELEMENT_NOT_INTERACTABLE:\n            exception_class = ElementNotInteractableException\n        elif status in ErrorCode.INVALID_COOKIE_DOMAIN:\n            exception_class = InvalidCookieDomainException\n        elif status in ErrorCode.UNABLE_TO_SET_COOKIE:\n            exception_class = UnableToSetCookieException\n        elif status in ErrorCode.TIMEOUT:\n            exception_class = TimeoutException\n        elif status in ErrorCode.SCRIPT_TIMEOUT:\n            exception_class = TimeoutException\n        elif status in ErrorCode.UNKNOWN_ERROR:\n            exception_class = WebDriverException\n        elif status in ErrorCode.UNEXPECTED_ALERT_OPEN:\n            exception_class = UnexpectedAlertPresentException\n        elif status in ErrorCode.NO_ALERT_OPEN:\n            exception_class = NoAlertPresentException\n        elif status in ErrorCode.IME_NOT_AVAILABLE:\n            exception_class = ImeNotAvailableException\n        elif status in ErrorCode.IME_ENGINE_ACTIVATION_FAILED:\n            exception_class = ImeActivationFailedException\n        elif status in ErrorCode.MOVE_TARGET_OUT_OF_BOUNDS:\n            exception_class = MoveTargetOutOfBoundsException\n        elif status in ErrorCode.JAVASCRIPT_ERROR:\n            exception_class = JavascriptException\n        elif status in ErrorCode.SESSION_NOT_CREATED:\n            exception_class = SessionNotCreatedException\n        elif status in ErrorCode.INVALID_ARGUMENT:\n            exception_class = InvalidArgumentException\n        elif status in ErrorCode.NO_SUCH_COOKIE:\n            exception_class = NoSuchCookieException\n        elif status in ErrorCode.UNABLE_TO_CAPTURE_SCREEN:\n            exception_class = ScreenshotException\n        elif status in ErrorCode.ELEMENT_CLICK_INTERCEPTED:\n            exception_class = ElementClickInterceptedException\n        elif status in ErrorCode.INSECURE_CERTIFICATE:\n            exception_class = InsecureCertificateException\n        elif status in ErrorCode.INVALID_COORDINATES:\n            exception_class = InvalidCoordinatesException\n        elif status in ErrorCode.INVALID_SESSION_ID:\n            exception_class = InvalidSessionIdException\n        elif status in ErrorCode.UNKNOWN_METHOD:\n            exception_class = UnknownMethodException\n        else:\n            exception_class = WebDriverException\n        if value == '' or value is None:\n            value = response['value']\n        if isinstance(value, basestring):\n            if exception_class == ErrorInResponseException:\n                raise exception_class(response, value)\n            raise exception_class(value)\n        if message == \"\" and 'message' in value:\n            message = value['message']\n    \n        screen = None\n        if 'screen' in value:\n            screen = value['screen']\n    \n        stacktrace = None\n        if 'stackTrace' in value and value['stackTrace']:\n            stacktrace = []\n            try:\n                for frame in value['stackTrace']:\n                    line = self._value_or_default(frame, 'lineNumber', '')\n                    file = self._value_or_default(frame, 'fileName', '<anonymous>')\n                    if line:\n                        file = \"%s:%s\" % (file, line)\n                    meth = self._value_or_default(frame, 'methodName', '<anonymous>')\n                    if 'className' in frame:\n                        meth = \"%s.%s\" % (frame['className'], meth)\n                    msg = \"    at %s (%s)\"\n                    msg = msg % (meth, file)\n                    stacktrace.append(msg)\n            except TypeError:\n                pass\n        if exception_class == ErrorInResponseException:\n            raise exception_class(response, message)\n        elif exception_class == UnexpectedAlertPresentException:\n            alert_text = None\n            if 'data' in value:\n                alert_text = value['data'].get('text')\n            elif 'alert' in value:\n                alert_text = value['alert'].get('text')\n            raise exception_class(message, screen, stacktrace, alert_text)\n>       raise exception_class(message, screen, stacktrace)\nE       selenium.common.exceptions.NoSuchElementException: Message: no such element: Unable to locate element: {\"method\":\"xpath\",\"selector\":\"//*[@id=\"JS_blockPage\"]/div/table/tbody/tr[1]/td/div[1]/table/tbody/tr[2]/td[2]\"}\nE         (Session info: chrome=76.0.3809.132)\n\nvenv\\lib\\site-packages\\selenium\\webdriver\\remote\\errorhandler.py:242: NoSuchElementException",
  "flaky" : false,
  "newFailed" : false,
  "beforeStages" : [ {
    "name" : "setup_teardown",
    "time" : {
      "start" : 1568443156247,
      "stop" : 1568443156249,
      "duration" : 2
    },
    "status" : "passed",
    "steps" : [ ],
    "attachments" : [ ],
    "parameters" : [ ],
    "shouldDisplayMessage" : false,
    "attachmentsCount" : 0,
    "stepsCount" : 0,
    "hasContent" : false
  }, {
    "name" : "__pytest_repeat_step_number",
    "time" : {
      "start" : 1568443156247,
      "stop" : 1568443156247,
      "duration" : 0
    },
    "status" : "passed",
    "steps" : [ ],
    "attachments" : [ ],
    "parameters" : [ ],
    "shouldDisplayMessage" : false,
    "attachmentsCount" : 0,
    "stepsCount" : 0,
    "hasContent" : false
  } ],
  "testStage" : {
    "description" : "\n        这个测试的是随机选择一种彩票,然后随机购买一注,记录并显示购买的结果\n        with_login_cpc: 用于登录彩票页面\n        with_open_lottery_page: 用于进入购彩大厅页面\n        ",
    "status" : "broken",
    "statusMessage" : "selenium.common.exceptions.NoSuchElementException: Message: no such element: Unable to locate element: {\"method\":\"xpath\",\"selector\":\"//*[@id=\"JS_blockPage\"]/div/table/tbody/tr[1]/td/div[1]/table/tbody/tr[2]/td[2]\"}\n  (Session info: chrome=76.0.3809.132)",
    "statusTrace" : "self = <test_buy_lottery.TestLotteryHall object at 0x04858EB0>, setup_teardown = None\n\n    @pytest.mark.flaky(reruns=5, reruns_delay=2)\n    @allure.story('随机购买一注')\n    @allure.severity('严重')\n    @allure.issue(\"http://www.baidu.com\")\n    @allure.testcase(\"http://www.testlink.com\")\n    # @logger.catch()\n    def test_buy_random_one(self, setup_teardown):\n        '''\n        这个测试的是随机选择一种彩票,然后随机购买一注,记录并显示购买的结果\n        with_login_cpc: 用于登录彩票页面\n        with_open_lottery_page: 用于进入购彩大厅页面\n        '''\n    \n        # Arrange 准备工作\n        with allure.step('测试准备工作:'):\n            cpclogin.login()\n            logger.info('开始进行彩票系统登录')\n            lottery_id = cpclotteryhall.random_lottery_id()\n            logger.info('选取的彩票id为%s:' % lottery_id)\n            cpclotteryhall.open_lottery_hall(lottery_id)\n            lottery_name = cpclotteryhall.get_lottery_name()\n    \n        # Act 测试步骤\n        with allure.step('打开彩种页面'):\n            allure.attach(lottery_name, '选择的彩种是:')\n            cpclotteryhall.get_screenshot_as_file('D:\\\\caipiao\\\\runner\\\\png\\\\demo1.png')\n            allure.attach.file('D:\\\\caipiao\\\\runner\\\\png\\\\demo1.png', name='彩种截图', attachment_type=allure.attachment_type.PNG)\n        with allure.step('随机购买一注'):\n            cpclotteryhall.select_random_one()\n            cpclotteryhall.submit_ensure_buy()\n>           bet_name = cpclotteryhall.get_bet_type()\n\ncase\\caipiao-client\\test_buy_lottery.py:49: \n_ _ _ _ _ _ _ _ _ _ _ _ _ _ _ _ _ _ _ _ _ _ _ _ _ _ _ _ _ _ _ _ _ _ _ _ _ _ _ _ _ _ _ _ _ _ _ _ _ _ _ _ _ _ _ _ _ _ _ _ _ _ _ _ _ _ _ _ _ _ _ _ _ _ _ _ _ _ _ _ _ _ _ _ _ _ _ _ _ _ _ _ _ _ _ _ _ _ _ _ _ _ _ _ _ _ _ _ _ _ _ _ _ _ _ _ _ _ _ _ _ _ _ _ _ _ _ _ _ _ _ _ _ _ _ _ _ _ _ _ _ _ _ _ _ _ _ _ _ _ _ _ _ _ \nbiz\\caipiao_client\\lottery_hall_page.py:87: in get_bet_type\n    bet_name = self.base_driver.get_text('x,//*[@id=\"JS_blockPage\"]/div/table/tbody/tr[1]/td/div[1]/table/tbody/tr[2]/td[2]')\nbase\\box.py:497: in get_text\n    el = self._locate_element(selector)\nbase\\box.py:122: in _locate_element\n    element = self._base_driver.find_element(*locator)\nvenv\\lib\\site-packages\\selenium\\webdriver\\remote\\webdriver.py:978: in find_element\n    'value': value})['value']\nvenv\\lib\\site-packages\\selenium\\webdriver\\remote\\webdriver.py:321: in execute\n    self.error_handler.check_response(response)\n_ _ _ _ _ _ _ _ _ _ _ _ _ _ _ _ _ _ _ _ _ _ _ _ _ _ _ _ _ _ _ _ _ _ _ _ _ _ _ _ _ _ _ _ _ _ _ _ _ _ _ _ _ _ _ _ _ _ _ _ _ _ _ _ _ _ _ _ _ _ _ _ _ _ _ _ _ _ _ _ _ _ _ _ _ _ _ _ _ _ _ _ _ _ _ _ _ _ _ _ _ _ _ _ _ _ _ _ _ _ _ _ _ _ _ _ _ _ _ _ _ _ _ _ _ _ _ _ _ _ _ _ _ _ _ _ _ _ _ _ _ _ _ _ _ _ _ _ _ _ _ _ _ _ \n\nself = <selenium.webdriver.remote.errorhandler.ErrorHandler object at 0x03510210>\nresponse = {'status': 404, 'value': '{\"value\":{\"error\":\"no such element\",\"message\":\"no such element: Unable to locate element: {\\...\\n\\\\tRtlGetAppContainerNamedObjectPath [0x77E77B74+228]\\\\n\\\\tRtlGetAppContainerNamedObjectPath [0x77E77B44+180]\\\\n\"}}'}\n\n    def check_response(self, response):\n        \"\"\"\n        Checks that a JSON response from the WebDriver does not have an error.\n    \n        :Args:\n         - response - The JSON response from the WebDriver server as a dictionary\n           object.\n    \n        :Raises: If the response contains an error message.\n        \"\"\"\n        status = response.get('status', None)\n        if status is None or status == ErrorCode.SUCCESS:\n            return\n        value = None\n        message = response.get(\"message\", \"\")\n        screen = response.get(\"screen\", \"\")\n        stacktrace = None\n        if isinstance(status, int):\n            value_json = response.get('value', None)\n            if value_json and isinstance(value_json, basestring):\n                import json\n                try:\n                    value = json.loads(value_json)\n                    if len(value.keys()) == 1:\n                        value = value['value']\n                    status = value.get('error', None)\n                    if status is None:\n                        status = value[\"status\"]\n                        message = value[\"value\"]\n                        if not isinstance(message, basestring):\n                            value = message\n                            message = message.get('message')\n                    else:\n                        message = value.get('message', None)\n                except ValueError:\n                    pass\n    \n        exception_class = ErrorInResponseException\n        if status in ErrorCode.NO_SUCH_ELEMENT:\n            exception_class = NoSuchElementException\n        elif status in ErrorCode.NO_SUCH_FRAME:\n            exception_class = NoSuchFrameException\n        elif status in ErrorCode.NO_SUCH_WINDOW:\n            exception_class = NoSuchWindowException\n        elif status in ErrorCode.STALE_ELEMENT_REFERENCE:\n            exception_class = StaleElementReferenceException\n        elif status in ErrorCode.ELEMENT_NOT_VISIBLE:\n            exception_class = ElementNotVisibleException\n        elif status in ErrorCode.INVALID_ELEMENT_STATE:\n            exception_class = InvalidElementStateException\n        elif status in ErrorCode.INVALID_SELECTOR \\\n                or status in ErrorCode.INVALID_XPATH_SELECTOR \\\n                or status in ErrorCode.INVALID_XPATH_SELECTOR_RETURN_TYPER:\n            exception_class = InvalidSelectorException\n        elif status in ErrorCode.ELEMENT_IS_NOT_SELECTABLE:\n            exception_class = ElementNotSelectableException\n        elif status in ErrorCode.ELEMENT_NOT_INTERACTABLE:\n            exception_class = ElementNotInteractableException\n        elif status in ErrorCode.INVALID_COOKIE_DOMAIN:\n            exception_class = InvalidCookieDomainException\n        elif status in ErrorCode.UNABLE_TO_SET_COOKIE:\n            exception_class = UnableToSetCookieException\n        elif status in ErrorCode.TIMEOUT:\n            exception_class = TimeoutException\n        elif status in ErrorCode.SCRIPT_TIMEOUT:\n            exception_class = TimeoutException\n        elif status in ErrorCode.UNKNOWN_ERROR:\n            exception_class = WebDriverException\n        elif status in ErrorCode.UNEXPECTED_ALERT_OPEN:\n            exception_class = UnexpectedAlertPresentException\n        elif status in ErrorCode.NO_ALERT_OPEN:\n            exception_class = NoAlertPresentException\n        elif status in ErrorCode.IME_NOT_AVAILABLE:\n            exception_class = ImeNotAvailableException\n        elif status in ErrorCode.IME_ENGINE_ACTIVATION_FAILED:\n            exception_class = ImeActivationFailedException\n        elif status in ErrorCode.MOVE_TARGET_OUT_OF_BOUNDS:\n            exception_class = MoveTargetOutOfBoundsException\n        elif status in ErrorCode.JAVASCRIPT_ERROR:\n            exception_class = JavascriptException\n        elif status in ErrorCode.SESSION_NOT_CREATED:\n            exception_class = SessionNotCreatedException\n        elif status in ErrorCode.INVALID_ARGUMENT:\n            exception_class = InvalidArgumentException\n        elif status in ErrorCode.NO_SUCH_COOKIE:\n            exception_class = NoSuchCookieException\n        elif status in ErrorCode.UNABLE_TO_CAPTURE_SCREEN:\n            exception_class = ScreenshotException\n        elif status in ErrorCode.ELEMENT_CLICK_INTERCEPTED:\n            exception_class = ElementClickInterceptedException\n        elif status in ErrorCode.INSECURE_CERTIFICATE:\n            exception_class = InsecureCertificateException\n        elif status in ErrorCode.INVALID_COORDINATES:\n            exception_class = InvalidCoordinatesException\n        elif status in ErrorCode.INVALID_SESSION_ID:\n            exception_class = InvalidSessionIdException\n        elif status in ErrorCode.UNKNOWN_METHOD:\n            exception_class = UnknownMethodException\n        else:\n            exception_class = WebDriverException\n        if value == '' or value is None:\n            value = response['value']\n        if isinstance(value, basestring):\n            if exception_class == ErrorInResponseException:\n                raise exception_class(response, value)\n            raise exception_class(value)\n        if message == \"\" and 'message' in value:\n            message = value['message']\n    \n        screen = None\n        if 'screen' in value:\n            screen = value['screen']\n    \n        stacktrace = None\n        if 'stackTrace' in value and value['stackTrace']:\n            stacktrace = []\n            try:\n                for frame in value['stackTrace']:\n                    line = self._value_or_default(frame, 'lineNumber', '')\n                    file = self._value_or_default(frame, 'fileName', '<anonymous>')\n                    if line:\n                        file = \"%s:%s\" % (file, line)\n                    meth = self._value_or_default(frame, 'methodName', '<anonymous>')\n                    if 'className' in frame:\n                        meth = \"%s.%s\" % (frame['className'], meth)\n                    msg = \"    at %s (%s)\"\n                    msg = msg % (meth, file)\n                    stacktrace.append(msg)\n            except TypeError:\n                pass\n        if exception_class == ErrorInResponseException:\n            raise exception_class(response, message)\n        elif exception_class == UnexpectedAlertPresentException:\n            alert_text = None\n            if 'data' in value:\n                alert_text = value['data'].get('text')\n            elif 'alert' in value:\n                alert_text = value['alert'].get('text')\n            raise exception_class(message, screen, stacktrace, alert_text)\n>       raise exception_class(message, screen, stacktrace)\nE       selenium.common.exceptions.NoSuchElementException: Message: no such element: Unable to locate element: {\"method\":\"xpath\",\"selector\":\"//*[@id=\"JS_blockPage\"]/div/table/tbody/tr[1]/td/div[1]/table/tbody/tr[2]/td[2]\"}\nE         (Session info: chrome=76.0.3809.132)\n\nvenv\\lib\\site-packages\\selenium\\webdriver\\remote\\errorhandler.py:242: NoSuchElementException",
    "steps" : [ {
      "name" : "测试准备工作:",
      "time" : {
        "start" : 1568443156250,
        "stop" : 1568443168322,
        "duration" : 12072
      },
      "status" : "passed",
      "steps" : [ ],
      "attachments" : [ ],
      "parameters" : [ ],
      "shouldDisplayMessage" : false,
      "attachmentsCount" : 0,
      "stepsCount" : 0,
      "hasContent" : false
    }, {
      "name" : "打开彩种页面",
      "time" : {
        "start" : 1568443168322,
        "stop" : 1568443168742,
        "duration" : 420
      },
      "status" : "passed",
      "steps" : [ ],
      "attachments" : [ {
        "uid" : "ff029ae94fcc5066",
        "name" : "选择的彩种是:",
        "source" : "ff029ae94fcc5066.attach",
        "type" : "text/plain",
        "size" : 10
      }, {
        "uid" : "87516adf6ef85c97",
        "name" : "彩种截图",
        "source" : "87516adf6ef85c97.png",
        "type" : "image/png",
        "size" : 208658
      } ],
      "parameters" : [ ],
      "shouldDisplayMessage" : false,
      "attachmentsCount" : 2,
      "stepsCount" : 0,
      "hasContent" : true
    }, {
      "name" : "随机购买一注",
      "time" : {
        "start" : 1568443168742,
        "stop" : 1568443172942,
        "duration" : 4200
      },
      "status" : "broken",
      "statusMessage" : "selenium.common.exceptions.NoSuchElementException: Message: no such element: Unable to locate element: {\"method\":\"xpath\",\"selector\":\"//*[@id=\"JS_blockPage\"]/div/table/tbody/tr[1]/td/div[1]/table/tbody/tr[2]/td[2]\"}\n  (Session info: chrome=76.0.3809.132)\n\n",
      "statusTrace" : "  File \"D:\\caipiao\\case\\caipiao-client\\test_buy_lottery.py\", line 49, in test_buy_random_one\n    bet_name = cpclotteryhall.get_bet_type()\n  File \"d:\\caipiao\\biz\\caipiao_client\\lottery_hall_page.py\", line 87, in get_bet_type\n    bet_name = self.base_driver.get_text('x,//*[@id=\"JS_blockPage\"]/div/table/tbody/tr[1]/td/div[1]/table/tbody/tr[2]/td[2]')\n  File \"d:\\caipiao\\base\\box.py\", line 497, in get_text\n    el = self._locate_element(selector)\n  File \"d:\\caipiao\\base\\box.py\", line 122, in _locate_element\n    element = self._base_driver.find_element(*locator)\n  File \"d:\\caipiao\\venv\\lib\\site-packages\\selenium\\webdriver\\remote\\webdriver.py\", line 978, in find_element\n    'value': value})['value']\n  File \"d:\\caipiao\\venv\\lib\\site-packages\\selenium\\webdriver\\remote\\webdriver.py\", line 321, in execute\n    self.error_handler.check_response(response)\n  File \"d:\\caipiao\\venv\\lib\\site-packages\\selenium\\webdriver\\remote\\errorhandler.py\", line 242, in check_response\n    raise exception_class(message, screen, stacktrace)\n",
      "steps" : [ ],
      "attachments" : [ ],
      "parameters" : [ ],
      "shouldDisplayMessage" : true,
      "attachmentsCount" : 0,
      "stepsCount" : 0,
      "hasContent" : true
    } ],
    "attachments" : [ ],
    "parameters" : [ ],
    "shouldDisplayMessage" : true,
    "attachmentsCount" : 2,
    "stepsCount" : 3,
    "hasContent" : true
  },
  "afterStages" : [ {
    "name" : "setup_teardown::0",
    "time" : {
      "start" : 1568443173055,
      "stop" : 1568443173114,
      "duration" : 59
    },
    "status" : "passed",
    "steps" : [ ],
    "attachments" : [ ],
    "parameters" : [ ],
    "shouldDisplayMessage" : false,
    "attachmentsCount" : 0,
    "stepsCount" : 0,
    "hasContent" : false
  } ],
  "labels" : [ {
    "name" : "story",
    "value" : "随机购买一注"
  }, {
    "name" : "feature",
    "value" : "购彩大厅测试"
  }, {
    "name" : "severity",
    "value" : "严重"
  }, {
    "name" : "parentSuite",
    "value" : "case.caipiao-client"
  }, {
    "name" : "suite",
    "value" : "test_buy_lottery"
  }, {
    "name" : "subSuite",
    "value" : "TestLotteryHall"
  }, {
    "name" : "host",
    "value" : "DESKTOP-9CB8PNE"
  }, {
    "name" : "thread",
    "value" : "14948-MainThread"
  }, {
    "name" : "framework",
    "value" : "pytest"
  }, {
    "name" : "language",
    "value" : "cpython3"
  }, {
    "name" : "package",
    "value" : "case.caipiao-client.test_buy_lottery"
  }, {
    "name" : "resultFormat",
    "value" : "allure2"
  } ],
  "parameters" : [ ],
  "links" : [ {
    "name" : "http://www.testlink.com",
    "url" : "http://www.testlink.com",
    "type" : "test_case"
  }, {
    "name" : "http://www.baidu.com",
    "url" : "http://www.baidu.com",
    "type" : "issue"
  } ],
  "hidden" : true,
  "retry" : true,
  "extra" : {
    "categories" : [ ],
    "tags" : [ ]
  },
  "source" : "aa979d5192e6de6a.json",
  "parameterValues" : [ ]
}